# JRE version: Java(TM) SE Runtime Environment (16.0.2+7) (build 16.0.2+7-67)
# Java VM: Java HotSpot(TM) 64-Bit Server VM (16.0.2+7-67, mixed mode, sharing, tiered, compressed oops, compressed class ptrs, g1 gc, windows-amd64)
GC Precious Log:
 CPUs: 8 total, 8 available
 Memory: 8026M
 Large Page Support: Disabled
 NUMA Support: Disabled
 Compressed Oops: Enabled (32-bit)
 Heap Region Size: 1M
 Heap Min Capacity: 8M
 Heap Initial Capacity: 126M
 Heap Max Capacity: 2008M
 Pre-touch: Disabled
 Parallel Workers: 8
 Concurrent Workers: 2
 Concurrent Refinement Workers: 8
 Periodic GC: Disabled
Heap:
 garbage-first heap   total 66560K, used 41221K [0x0000000082800000, 0x0000000100000000)
  region size 1024K, 15 young (15360K), 4 survivors (4096K)
 Metaspace       used 50932K, committed 51328K, reserved 1097728K
  class space    used 6230K, committed 6400K, reserved 1048576K
GC Heap History (20 events):
Event: 3.909 GC heap before
{Heap before GC invocations=6 (full 0):
 garbage-first heap   total 55296K, used 38246K [0x0000000082800000, 0x0000000100000000)
  region size 1024K, 25 young (25600K), 4 survivors (4096K)
 Metaspace       used 26974K, committed 27328K, reserved 1073152K
  class space    used 3389K, committed 3584K, reserved 1048576K
}
Event: 3.920 GC heap after
{Heap after GC invocations=7 (full 0):
 garbage-first heap   total 55296K, used 19743K [0x0000000082800000, 0x0000000100000000)
  region size 1024K, 3 young (3072K), 3 survivors (3072K)
 Metaspace       used 26974K, committed 27328K, reserved 1073152K
  class space    used 3389K, committed 3584K, reserved 1048576K
}
Event: 4.218 GC heap before
{Heap before GC invocations=7 (full 0):
 garbage-first heap   total 55296K, used 38175K [0x0000000082800000, 0x0000000100000000)
  region size 1024K, 22 young (22528K), 3 survivors (3072K)
 Metaspace       used 28290K, committed 28608K, reserved 1081344K
  class space    used 3594K, committed 3712K, reserved 1048576K
}
Event: 4.225 GC heap after
{Heap after GC invocations=8 (full 0):
 garbage-first heap   total 55296K, used 19254K [0x0000000082800000, 0x0000000100000000)
  region size 1024K, 1 young (1024K), 1 survivors (1024K)
 Metaspace       used 28290K, committed 28608K, reserved 1081344K
  class space    used 3594K, committed 3712K, reserved 1048576K
}
Event: 4.564 GC heap before
{Heap before GC invocations=8 (full 0):
 garbage-first heap   total 55296K, used 39734K [0x0000000082800000, 0x0000000100000000)
  region size 1024K, 21 young (21504K), 1 survivors (1024K)
 Metaspace       used 30335K, committed 30656K, reserved 1081344K
  class space    used 3862K, committed 4032K, reserved 1048576K
}
Event: 4.568 GC heap after
{Heap after GC invocations=9 (full 0):
 garbage-first heap   total 66560K, used 20401K [0x0000000082800000, 0x0000000100000000)
  region size 1024K, 2 young (2048K), 2 survivors (2048K)
 Metaspace       used 30335K, committed 30656K, reserved 1081344K
  class space    used 3862K, committed 4032K, reserved 1048576K
}
Event: 4.913 GC heap before
{Heap before GC invocations=9 (full 0):
 garbage-first heap   total 66560K, used 49073K [0x0000000082800000, 0x0000000100000000)
  region size 1024K, 30 young (30720K), 2 survivors (2048K)
 Metaspace       used 31387K, committed 31744K, reserved 1081344K
  class space    used 3913K, committed 4096K, reserved 1048576K
}
Event: 4.917 GC heap after
{Heap after GC invocations=10 (full 0):
 garbage-first heap   total 66560K, used 22513K [0x0000000082800000, 0x0000000100000000)
  region size 1024K, 4 young (4096K), 4 survivors (4096K)
 Metaspace       used 31387K, committed 31744K, reserved 1081344K
  class space    used 3913K, committed 4096K, reserved 1048576K
}
Event: 5.260 GC heap before
{Heap before GC invocations=10 (full 0):
 garbage-first heap   total 66560K, used 50161K [0x0000000082800000, 0x0000000100000000)
  region size 1024K, 31 young (31744K), 4 survivors (4096K)
 Metaspace       used 32383K, committed 32704K, reserved 1081344K
  class space    used 3941K, committed 4096K, reserved 1048576K
}
Event: 5.265 GC heap after
{Heap after GC invocations=11 (full 0):
 garbage-first heap   total 66560K, used 23362K [0x0000000082800000, 0x0000000100000000)
  region size 1024K, 3 young (3072K), 3 survivors (3072K)
 Metaspace       used 32383K, committed 32704K, reserved 1081344K
  class space    used 3941K, committed 4096K, reserved 1048576K
}
Event: 5.934 GC heap before
{Heap before GC invocations=11 (full 0):
 garbage-first heap   total 66560K, used 51010K [0x0000000082800000, 0x0000000100000000)
  region size 1024K, 30 young (30720K), 3 survivors (3072K)
 Metaspace       used 34368K, committed 34752K, reserved 1081344K
  class space    used 4166K, committed 4352K, reserved 1048576K
}
Event: 5.939 GC heap after
{Heap after GC invocations=12 (full 0):
 garbage-first heap   total 66560K, used 25594K [0x0000000082800000, 0x0000000100000000)
  region size 1024K, 4 young (4096K), 4 survivors (4096K)
 Metaspace       used 34368K, committed 34752K, reserved 1081344K
  class space    used 4166K, committed 4352K, reserved 1048576K
}
Event: 6.114 GC heap before
{Heap before GC invocations=12 (full 0):
 garbage-first heap   total 66560K, used 30714K [0x0000000082800000, 0x0000000100000000)
  region size 1024K, 10 young (10240K), 4 survivors (4096K)
 Metaspace       used 35229K, committed 35520K, reserved 1081344K
  class space    used 4280K, committed 4416K, reserved 1048576K
}
Event: 6.118 GC heap after
{Heap after GC invocations=13 (full 0):
 garbage-first heap   total 66560K, used 26031K [0x0000000082800000, 0x0000000100000000)
  region size 1024K, 1 young (1024K), 1 survivors (1024K)
 Metaspace       used 35229K, committed 35520K, reserved 1081344K
  class space    used 4280K, committed 4416K, reserved 1048576K
}
Event: 6.751 GC heap before
{Heap before GC invocations=14 (full 0):
 garbage-first heap   total 66560K, used 51631K [0x0000000082800000, 0x0000000100000000)
  region size 1024K, 26 young (26624K), 1 survivors (1024K)
 Metaspace       used 36898K, committed 37376K, reserved 1089536K
  class space    used 4581K, committed 4800K, reserved 1048576K
}
Event: 6.755 GC heap after
{Heap after GC invocations=15 (full 0):
 garbage-first heap   total 66560K, used 27628K [0x0000000082800000, 0x0000000100000000)
  region size 1024K, 3 young (3072K), 3 survivors (3072K)
 Metaspace       used 36898K, committed 37376K, reserved 1089536K
  class space    used 4581K, committed 4800K, reserved 1048576K
}
Event: 10.618 GC heap before
{Heap before GC invocations=15 (full 0):
 garbage-first heap   total 66560K, used 51180K [0x0000000082800000, 0x0000000100000000)
  region size 1024K, 26 young (26624K), 3 survivors (3072K)
 Metaspace       used 41160K, committed 41536K, reserved 1089536K
  class space    used 5125K, committed 5312K, reserved 1048576K
}
Event: 10.628 GC heap after
{Heap after GC invocations=16 (full 0):
 garbage-first heap   total 66560K, used 29299K [0x0000000082800000, 0x0000000100000000)
  region size 1024K, 4 young (4096K), 4 survivors (4096K)
 Metaspace       used 41160K, committed 41536K, reserved 1089536K
  class space    used 5125K, committed 5312K, reserved 1048576K
}
Event: 12.302 GC heap before
{Heap before GC invocations=16 (full 0):
 garbage-first heap   total 66560K, used 50803K [0x0000000082800000, 0x0000000100000000)
  region size 1024K, 26 young (26624K), 4 survivors (4096K)
 Metaspace       used 49566K, committed 50048K, reserved 1097728K
  class space    used 6055K, committed 6272K, reserved 1048576K
}
Event: 12.311 GC heap after
{Heap after GC invocations=17 (full 0):
 garbage-first heap   total 66560K, used 30981K [0x0000000082800000, 0x0000000100000000)
  region size 1024K, 4 young (4096K), 4 survivors (4096K)
 Metaspace       used 49566K, committed 50048K, reserved 1097728K
  class space    used 6055K, committed 6272K, reserved 1048576K
}

