# JRE version: Java(TM) SE Runtime Environment (16.0.2+7) (build 16.0.2+7-67)
# Java VM: Java HotSpot(TM) 64-Bit Server VM (16.0.2+7-67, mixed mode, sharing, tiered, compressed oops, compressed class ptrs, g1 gc, windows-amd64)
GC Precious Log:
 CPUs: 8 total, 8 available
 Memory: 8026M
 Large Page Support: Disabled
 NUMA Support: Disabled
 Compressed Oops: Enabled (32-bit)
 Heap Region Size: 1M
 Heap Min Capacity: 8M
 Heap Initial Capacity: 126M
 Heap Max Capacity: 2008M
 Pre-touch: Disabled
 Parallel Workers: 8
 Concurrent Workers: 2
 Concurrent Refinement Workers: 8
 Periodic GC: Disabled
Heap:
 garbage-first heap   total 66560K, used 47401K [0x0000000082800000, 0x0000000100000000)
  region size 1024K, 33 young (33792K), 4 survivors (4096K)
 Metaspace       used 30129K, committed 30528K, reserved 1081344K
  class space    used 3675K, committed 3840K, reserved 1048576K
GC Heap History (18 events):
Event: 0.565 GC heap before
{Heap before GC invocations=0 (full 0):
 garbage-first heap   total 129024K, used 23552K [0x0000000082800000, 0x0000000100000000)
  region size 1024K, 23 young (23552K), 0 survivors (0K)
 Metaspace       used 4060K, committed 4224K, reserved 1056768K
  class space    used 356K, committed 448K, reserved 1048576K
}
Event: 0.570 GC heap after
{Heap after GC invocations=1 (full 0):
 garbage-first heap   total 129024K, used 7573K [0x0000000082800000, 0x0000000100000000)
  region size 1024K, 3 young (3072K), 3 survivors (3072K)
 Metaspace       used 4060K, committed 4224K, reserved 1056768K
  class space    used 356K, committed 448K, reserved 1048576K
}
Event: 0.967 GC heap before
{Heap before GC invocations=1 (full 0):
 garbage-first heap   total 129024K, used 37269K [0x0000000082800000, 0x0000000100000000)
  region size 1024K, 32 young (32768K), 3 survivors (3072K)
 Metaspace       used 7538K, committed 7744K, reserved 1056768K
  class space    used 777K, committed 896K, reserved 1048576K
}
Event: 0.971 GC heap after
{Heap after GC invocations=2 (full 0):
 garbage-first heap   total 129024K, used 8865K [0x0000000082800000, 0x0000000100000000)
  region size 1024K, 2 young (2048K), 2 survivors (2048K)
 Metaspace       used 7538K, committed 7744K, reserved 1056768K
  class space    used 777K, committed 896K, reserved 1048576K
}
Event: 1.488 GC heap before
{Heap before GC invocations=2 (full 0):
 garbage-first heap   total 129024K, used 53921K [0x0000000082800000, 0x0000000100000000)
  region size 1024K, 47 young (48128K), 2 survivors (2048K)
 Metaspace       used 12153K, committed 12352K, reserved 1064960K
  class space    used 1424K, committed 1536K, reserved 1048576K
}
Event: 1.491 GC heap after
{Heap after GC invocations=3 (full 0):
 garbage-first heap   total 129024K, used 10572K [0x0000000082800000, 0x0000000100000000)
  region size 1024K, 4 young (4096K), 4 survivors (4096K)
 Metaspace       used 12153K, committed 12352K, reserved 1064960K
  class space    used 1424K, committed 1536K, reserved 1048576K
}
Event: 2.070 GC heap before
{Heap before GC invocations=3 (full 0):
 garbage-first heap   total 129024K, used 82252K [0x0000000082800000, 0x0000000100000000)
  region size 1024K, 75 young (76800K), 4 survivors (4096K)
 Metaspace       used 17981K, committed 18176K, reserved 1073152K
  class space    used 2095K, committed 2176K, reserved 1048576K
}
Event: 2.076 GC heap after
{Heap after GC invocations=4 (full 0):
 garbage-first heap   total 129024K, used 12087K [0x0000000082800000, 0x0000000100000000)
  region size 1024K, 5 young (5120K), 5 survivors (5120K)
 Metaspace       used 17981K, committed 18176K, reserved 1073152K
  class space    used 2095K, committed 2176K, reserved 1048576K
}
Event: 2.941 GC heap before
{Heap before GC invocations=4 (full 0):
 garbage-first heap   total 129024K, used 75575K [0x0000000082800000, 0x0000000100000000)
  region size 1024K, 68 young (69632K), 5 survivors (5120K)
 Metaspace       used 20981K, committed 21248K, reserved 1073152K
  class space    used 2478K, committed 2624K, reserved 1048576K
}
Event: 2.948 GC heap after
{Heap after GC invocations=5 (full 0):
 garbage-first heap   total 129024K, used 13975K [0x0000000082800000, 0x0000000100000000)
  region size 1024K, 7 young (7168K), 7 survivors (7168K)
 Metaspace       used 20981K, committed 21248K, reserved 1073152K
  class space    used 2478K, committed 2624K, reserved 1048576K
}
Event: 3.282 GC heap before
{Heap before GC invocations=6 (full 0):
 garbage-first heap   total 55296K, used 39575K [0x0000000082800000, 0x0000000100000000)
  region size 1024K, 32 young (32768K), 7 survivors (7168K)
 Metaspace       used 22447K, committed 22720K, reserved 1073152K
  class space    used 2687K, committed 2816K, reserved 1048576K
}
Event: 3.293 GC heap after
{Heap after GC invocations=7 (full 0):
 garbage-first heap   total 55296K, used 14605K [0x0000000082800000, 0x0000000100000000)
  region size 1024K, 3 young (3072K), 3 survivors (3072K)
 Metaspace       used 22447K, committed 22720K, reserved 1073152K
  class space    used 2687K, committed 2816K, reserved 1048576K
}
Event: 3.652 GC heap before
{Heap before GC invocations=7 (full 0):
 garbage-first heap   total 55296K, used 40205K [0x0000000082800000, 0x0000000100000000)
  region size 1024K, 28 young (28672K), 3 survivors (3072K)
 Metaspace       used 24201K, committed 24512K, reserved 1073152K
  class space    used 2920K, committed 3072K, reserved 1048576K
}
Event: 3.659 GC heap after
{Heap after GC invocations=8 (full 0):
 garbage-first heap   total 55296K, used 15482K [0x0000000082800000, 0x0000000100000000)
  region size 1024K, 2 young (2048K), 2 survivors (2048K)
 Metaspace       used 24201K, committed 24512K, reserved 1073152K
  class space    used 2920K, committed 3072K, reserved 1048576K
}
Event: 4.117 GC heap before
{Heap before GC invocations=8 (full 0):
 garbage-first heap   total 55296K, used 40058K [0x0000000082800000, 0x0000000100000000)
  region size 1024K, 27 young (27648K), 2 survivors (2048K)
 Metaspace       used 26259K, committed 26560K, reserved 1073152K
  class space    used 3202K, committed 3328K, reserved 1048576K
}
Event: 4.126 GC heap after
{Heap after GC invocations=9 (full 0):
 garbage-first heap   total 66560K, used 17252K [0x0000000082800000, 0x0000000100000000)
  region size 1024K, 4 young (4096K), 4 survivors (4096K)
 Metaspace       used 26259K, committed 26560K, reserved 1073152K
  class space    used 3202K, committed 3328K, reserved 1048576K
}
Event: 4.608 GC heap before
{Heap before GC invocations=9 (full 0):
 garbage-first heap   total 66560K, used 48996K [0x0000000082800000, 0x0000000100000000)
  region size 1024K, 36 young (36864K), 4 survivors (4096K)
 Metaspace       used 29059K, committed 29440K, reserved 1081344K
  class space    used 3529K, committed 3712K, reserved 1048576K
}
Event: 4.615 GC heap after
{Heap after GC invocations=10 (full 0):
 garbage-first heap   total 66560K, used 18729K [0x0000000082800000, 0x0000000100000000)
  region size 1024K, 4 young (4096K), 4 survivors (4096K)
 Metaspace       used 29059K, committed 29440K, reserved 1081344K
  class space    used 3529K, committed 3712K, reserved 1048576K
}

